2022-01-20 12:59:37 [@DESKTOP-L8921B7]
[login] 3: glpi se connecte depuis l'IP ::1
2022-01-20 13:27:22 [@DESKTOP-L8921B7]
[login] 3: glpi se connecte depuis l'IP 127.0.0.1
2022-01-24 14:33:11 [@DESKTOP-L8921B7]
[login] 3: glpi se connecte depuis l'IP 127.0.0.1
2022-01-24 15:02:11 [@DESKTOP-L8921B7]
[login] 3: glpi se connecte depuis l'IP 127.0.0.1
2022-01-26 12:06:58 [@DESKTOP-L8921B7]
[login] 3: glpi se connecte depuis l'IP 127.0.0.1
2022-01-26 16:42:52 [1359@DESKTOP-L8921B7]
[Impersonate] 3: glpi starts impersonating user sdb
2022-01-26 16:42:58 [2@DESKTOP-L8921B7]
[Impersonate] 3: glpi stops impersonating user sdb
2022-01-27 10:23:11 [1361@DESKTOP-L8921B7]
[Impersonate] 3: glpi starts impersonating user s.diouck
2022-01-27 10:24:44 [@DESKTOP-L8921B7]
[login] 3: glpi se connecte depuis l'IP 127.0.0.1
2022-01-27 10:26:44 [1360@DESKTOP-L8921B7]
[Impersonate] 3: glpi starts impersonating user b.gaye
2022-01-27 10:27:17 [2@DESKTOP-L8921B7]
[Impersonate] 3: glpi stops impersonating user b.gaye
2022-01-27 10:31:07 [1360@DESKTOP-L8921B7]
[Impersonate] 3: glpi starts impersonating user b.gaye
2022-01-27 10:44:51 [2@DESKTOP-L8921B7]
[Impersonate] 3: glpi stops impersonating user b.gaye
2022-01-27 10:52:04 [1360@DESKTOP-L8921B7]
[Impersonate] 3: glpi starts impersonating user b.gaye
2022-01-27 10:52:34 [2@DESKTOP-L8921B7]
[Impersonate] 3: glpi stops impersonating user b.gaye
2022-01-27 10:57:49 [1360@DESKTOP-L8921B7]
[Impersonate] 3: glpi starts impersonating user b.gaye
2022-01-27 11:04:30 [2@DESKTOP-L8921B7]
[Impersonate] 3: glpi stops impersonating user b.gaye
2022-01-27 11:09:15 [1360@DESKTOP-L8921B7]
[Impersonate] 3: glpi starts impersonating user b.gaye
2022-01-27 11:11:24 [2@DESKTOP-L8921B7]
[Impersonate] 3: glpi stops impersonating user b.gaye
2022-01-27 11:13:48 [1360@DESKTOP-L8921B7]
[Impersonate] 3: glpi starts impersonating user b.gaye
2022-01-27 11:58:46 [2@DESKTOP-L8921B7]
[Impersonate] 3: glpi stops impersonating user b.gaye
2022-01-27 12:02:44 [1360@DESKTOP-L8921B7]
[Impersonate] 3: glpi starts impersonating user b.gaye
2022-01-27 12:04:27 [2@DESKTOP-L8921B7]
[Impersonate] 3: glpi stops impersonating user b.gaye
2022-01-27 12:08:02 [1360@DESKTOP-L8921B7]
[Impersonate] 3: glpi starts impersonating user b.gaye
2022-01-27 12:08:07 [2@DESKTOP-L8921B7]
[Impersonate] 3: glpi stops impersonating user b.gaye
2022-01-27 12:08:58 [1360@DESKTOP-L8921B7]
[Impersonate] 3: glpi starts impersonating user b.gaye
2022-01-27 12:09:05 [2@DESKTOP-L8921B7]
[Impersonate] 3: glpi stops impersonating user b.gaye
2022-01-27 12:09:58 [1360@DESKTOP-L8921B7]
[Impersonate] 3: glpi starts impersonating user b.gaye
2022-01-27 12:10:05 [2@DESKTOP-L8921B7]
[Impersonate] 3: glpi stops impersonating user b.gaye
2022-01-27 12:11:11 [1360@DESKTOP-L8921B7]
[Impersonate] 3: glpi starts impersonating user b.gaye
2022-01-27 12:11:15 [2@DESKTOP-L8921B7]
[Impersonate] 3: glpi stops impersonating user b.gaye
2022-01-27 12:11:54 [1360@DESKTOP-L8921B7]
[Impersonate] 3: glpi starts impersonating user b.gaye
2022-01-27 12:12:03 [2@DESKTOP-L8921B7]
[Impersonate] 3: glpi stops impersonating user b.gaye
2022-01-27 12:14:36 [1361@DESKTOP-L8921B7]
[Impersonate] 3: glpi starts impersonating user s.diouck
2022-01-27 12:24:47 [@DESKTOP-L8921B7]
[login] 3: glpi se connecte depuis l'IP 127.0.0.1
2022-01-27 13:07:06 [1361@DESKTOP-L8921B7]
[Impersonate] 3: glpi starts impersonating user s.diouck
2022-01-27 13:07:55 [2@DESKTOP-L8921B7]
[Impersonate] 3: glpi stops impersonating user s.diouck
2022-01-27 13:09:29 [1361@DESKTOP-L8921B7]
[Impersonate] 3: glpi starts impersonating user s.diouck
2022-01-27 13:09:41 [2@DESKTOP-L8921B7]
[Impersonate] 3: glpi stops impersonating user s.diouck
2022-01-27 13:10:39 [1361@DESKTOP-L8921B7]
[Impersonate] 3: glpi starts impersonating user s.diouck
2022-01-27 13:12:22 [2@DESKTOP-L8921B7]
[Impersonate] 3: glpi stops impersonating user s.diouck
2022-01-27 13:13:06 [1361@DESKTOP-L8921B7]
[Impersonate] 3: glpi starts impersonating user s.diouck
2022-01-27 13:32:37 [@DESKTOP-L8921B7]
[login] 3: glpi se connecte depuis l'IP 127.0.0.1
2022-01-27 13:32:58 [1361@DESKTOP-L8921B7]
[Impersonate] 3: glpi starts impersonating user s.diouck
2022-01-27 13:36:56 [2@DESKTOP-L8921B7]
[Impersonate] 3: glpi stops impersonating user s.diouck
2022-01-27 13:37:21 [1360@DESKTOP-L8921B7]
[Impersonate] 3: glpi starts impersonating user b.gaye
2022-01-27 13:38:26 [2@DESKTOP-L8921B7]
[Impersonate] 3: glpi stops impersonating user b.gaye
2022-01-27 13:38:38 [1361@DESKTOP-L8921B7]
[Impersonate] 3: glpi starts impersonating user s.diouck
2022-01-27 13:43:35 [2@DESKTOP-L8921B7]
[Impersonate] 3: glpi stops impersonating user s.diouck
2022-01-27 13:44:15 [1361@DESKTOP-L8921B7]
[Impersonate] 3: glpi starts impersonating user s.diouck
2022-01-27 13:44:37 [2@DESKTOP-L8921B7]
[Impersonate] 3: glpi stops impersonating user s.diouck
2022-01-27 13:53:44 [1361@DESKTOP-L8921B7]
[Impersonate] 3: glpi starts impersonating user s.diouck
2022-01-27 13:53:54 [2@DESKTOP-L8921B7]
[Impersonate] 3: glpi stops impersonating user s.diouck
2022-01-28 14:13:10 [1360@DESKTOP-L8921B7]
[Impersonate] 3: glpi starts impersonating user b.gaye
2022-01-28 14:14:53 [2@DESKTOP-L8921B7]
[Impersonate] 3: glpi stops impersonating user b.gaye
2022-01-28 16:07:23 [1360@DESKTOP-L8921B7]
[Impersonate] 3: glpi starts impersonating user b.gaye
2022-01-28 16:07:53 [2@DESKTOP-L8921B7]
[Impersonate] 3: glpi stops impersonating user b.gaye
2022-01-28 16:08:10 [1360@DESKTOP-L8921B7]
[Impersonate] 3: glpi starts impersonating user b.gaye
2022-01-28 16:08:47 [2@DESKTOP-L8921B7]
[Impersonate] 3: glpi stops impersonating user b.gaye
2022-01-28 16:09:12 [1361@DESKTOP-L8921B7]
[Impersonate] 3: glpi starts impersonating user s.diouck
2022-01-28 16:10:15 [2@DESKTOP-L8921B7]
[Impersonate] 3: glpi stops impersonating user s.diouck
2022-01-28 17:53:11 [1360@DESKTOP-L8921B7]
[Impersonate] 3: glpi starts impersonating user b.gaye
2022-01-28 17:54:25 [2@DESKTOP-L8921B7]
[Impersonate] 3: glpi stops impersonating user b.gaye
2022-01-31 10:35:04 [1360@DESKTOP-L8921B7]
[Impersonate] 3: glpi starts impersonating user b.gaye
2022-01-31 10:46:13 [2@DESKTOP-L8921B7]
[Impersonate] 3: glpi stops impersonating user b.gaye
2022-01-31 10:48:37 [1360@DESKTOP-L8921B7]
[Impersonate] 3: glpi starts impersonating user b.gaye
2022-01-31 10:52:15 [2@DESKTOP-L8921B7]
[Impersonate] 3: glpi stops impersonating user b.gaye
2022-01-31 10:53:07 [1360@DESKTOP-L8921B7]
[Impersonate] 3: glpi starts impersonating user b.gaye
2022-01-31 10:53:22 [2@DESKTOP-L8921B7]
[Impersonate] 3: glpi stops impersonating user b.gaye
2022-01-31 11:14:25 [1360@DESKTOP-L8921B7]
[Impersonate] 3: glpi starts impersonating user b.gaye
2022-01-31 11:47:59 [2@DESKTOP-L8921B7]
[Impersonate] 3: glpi stops impersonating user b.gaye
2022-01-31 11:49:19 [1360@DESKTOP-L8921B7]
[Impersonate] 3: glpi starts impersonating user b.gaye
2022-01-31 11:55:22 [2@DESKTOP-L8921B7]
[Impersonate] 3: glpi stops impersonating user b.gaye
2022-01-31 11:57:07 [1360@DESKTOP-L8921B7]
[Impersonate] 3: glpi starts impersonating user b.gaye
2022-01-31 17:45:23 [2@DESKTOP-L8921B7]
[Impersonate] 3: glpi stops impersonating user b.gaye
2022-01-31 18:04:58 [@DESKTOP-L8921B7]
[login] 3: glpi se connecte depuis l'IP 127.0.0.1
2022-01-31 18:08:43 [@DESKTOP-L8921B7]
[login] 3: glpi se connecte depuis l'IP 127.0.0.1
2022-01-31 18:45:38 [@DESKTOP-L8921B7]
[login] 3: glpi se connecte depuis l'IP 127.0.0.1
2022-01-31 18:47:25 [@DESKTOP-L8921B7]
[login] 3: glpi se connecte depuis l'IP 127.0.0.1
2022-01-31 23:08:00 [@DESKTOP-L8921B7]
[login] 3: glpi se connecte depuis l'IP 127.0.0.1
2022-02-01 12:31:31 [@DESKTOP-L8921B7]
[login] 3: glpi se connecte depuis l'IP 127.0.0.1
2022-02-01 15:07:25 [@DESKTOP-L8921B7]
[login] 3: glpi se connecte depuis l'IP 127.0.0.1
2022-02-01 16:50:26 [@DESKTOP-L8921B7]
[login] 3: glpi se connecte depuis l'IP 127.0.0.1
2022-02-01 17:02:33 [@DESKTOP-L8921B7]
[login] 3: glpi se connecte depuis l'IP 127.0.0.1
2022-02-01 17:12:07 [@DESKTOP-L8921B7]
[login] 3: glpi se connecte depuis l'IP 127.0.0.1
