2022-01-20 13:29:13 [2@DESKTOP-L8921B7]
0 seconde for "Changement de la structure de la base de données - glpi_groups" @ 2022-01-20 13:29:13 [2@DESKTOP-L8921B7]
0 seconde for "Changement de la structure de la base de données - glpi_users" @ 2022-01-20 13:29:18 [2@DESKTOP-L8921B7]
0 seconde for "Changement de la structure de la base de données - glpi_ticketsatisfactions" @ 2022-01-20 13:29:18 [2@DESKTOP-L8921B7]
0 seconde for "Changement de la structure de la base de données - glpi_tickets" @ 2022-01-20 13:29:18 [2@DESKTOP-L8921B7]
0 seconde for "Changement de la structure de la base de données - glpi_tickettasks" @ 2022-01-20 13:29:18 [2@DESKTOP-L8921B7]
0 seconde for "Changement de la structure de la base de données - glpi_problemtasks" @ 2022-01-20 13:29:18 [2@DESKTOP-L8921B7]
0 seconde for "Changement de la structure de la base de données - glpi_changetasks" @ 2022-01-20 13:42:44 [2@DESKTOP-L8921B7]
0 seconde for "Changement de la structure de la base de données - glpi_ticketsatisfactions" @ 2022-01-20 13:42:44 [2@DESKTOP-L8921B7]
0 seconde for "Changement de la structure de la base de données - glpi_tickets" @ 2022-01-20 13:42:44 [2@DESKTOP-L8921B7]
0 seconde for "Changement de la structure de la base de données - glpi_tickettasks" @ 2022-01-20 13:42:44 [2@DESKTOP-L8921B7]
0 seconde for "Changement de la structure de la base de données - glpi_problemtasks" @ 2022-01-20 13:42:44 [2@DESKTOP-L8921B7]
0 seconde for "Changement de la structure de la base de données - glpi_changetasks" @ 2022-01-20 14:02:00 [2@DESKTOP-L8921B7]
0 seconde for "Changement de la structure de la base de données - glpi_ticketsatisfactions" @ 2022-01-20 14:02:00 [2@DESKTOP-L8921B7]
0 seconde for "Changement de la structure de la base de données - glpi_tickets" @ 2022-01-20 14:02:00 [2@DESKTOP-L8921B7]
0 seconde for "Changement de la structure de la base de données - glpi_tickettasks" @ 2022-01-20 14:02:00 [2@DESKTOP-L8921B7]
0 seconde for "Changement de la structure de la base de données - glpi_problemtasks" @ 2022-01-20 14:02:00 [2@DESKTOP-L8921B7]
0 seconde for "Changement de la structure de la base de données - glpi_changetasks" @ 2022-01-20 14:25:36 [2@DESKTOP-L8921B7]
0 seconde for "Changement de la structure de la base de données - glpi_ticketsatisfactions" @ 2022-01-20 14:25:36 [2@DESKTOP-L8921B7]
0 seconde for "Changement de la structure de la base de données - glpi_tickets" @ 2022-01-20 14:25:36 [2@DESKTOP-L8921B7]
0 seconde for "Changement de la structure de la base de données - glpi_tickettasks" @ 2022-01-20 14:25:36 [2@DESKTOP-L8921B7]
0 seconde for "Changement de la structure de la base de données - glpi_problemtasks" @ 2022-01-20 14:25:36 [2@DESKTOP-L8921B7]
0 seconde for "Changement de la structure de la base de données - glpi_changetasks" @ 2022-01-20 14:25:40 [2@DESKTOP-L8921B7]
0 seconde for "Changement de la structure de la base de données - glpi_ticketsatisfactions" @ 2022-01-20 14:25:40 [2@DESKTOP-L8921B7]
0 seconde for "Changement de la structure de la base de données - glpi_tickets" @ 2022-01-20 14:25:40 [2@DESKTOP-L8921B7]
0 seconde for "Changement de la structure de la base de données - glpi_tickettasks" @ 2022-01-20 14:25:40 [2@DESKTOP-L8921B7]
0 seconde for "Changement de la structure de la base de données - glpi_problemtasks" @ 2022-01-20 14:25:40 [2@DESKTOP-L8921B7]
0 seconde for "Changement de la structure de la base de données - glpi_changetasks" @ 2022-01-20 16:34:21 [2@DESKTOP-L8921B7]
0 seconde for "Changement de la structure de la base de données - glpi_ticketsatisfactions" @ 2022-01-20 16:34:21 [2@DESKTOP-L8921B7]
0 seconde for "Changement de la structure de la base de données - glpi_tickets" @ 2022-01-20 16:34:21 [2@DESKTOP-L8921B7]
0 seconde for "Changement de la structure de la base de données - glpi_tickettasks" @ 2022-01-20 16:34:21 [2@DESKTOP-L8921B7]
0 seconde for "Changement de la structure de la base de données - glpi_problemtasks" @ 2022-01-20 16:34:21 [2@DESKTOP-L8921B7]
0 seconde for "Changement de la structure de la base de données - glpi_changetasks" @ 2022-01-20 16:34:24 [2@DESKTOP-L8921B7]
0 seconde for "Changement de la structure de la base de données - glpi_ticketsatisfactions" @ 2022-01-20 16:34:24 [2@DESKTOP-L8921B7]
0 seconde for "Changement de la structure de la base de données - glpi_tickets" @ 2022-01-20 16:34:24 [2@DESKTOP-L8921B7]
0 seconde for "Changement de la structure de la base de données - glpi_tickettasks" @ 2022-01-20 16:34:24 [2@DESKTOP-L8921B7]
0 seconde for "Changement de la structure de la base de données - glpi_problemtasks" @ 2022-01-20 16:34:24 [2@DESKTOP-L8921B7]
0 seconde for "Changement de la structure de la base de données - glpi_changetasks" @ 2022-01-20 16:37:18 [2@DESKTOP-L8921B7]
0 seconde for "Changement de la structure de la base de données - glpi_ticketsatisfactions" @ 2022-01-20 16:37:18 [2@DESKTOP-L8921B7]
0 seconde for "Changement de la structure de la base de données - glpi_tickets" @ 2022-01-20 16:37:18 [2@DESKTOP-L8921B7]
0 seconde for "Changement de la structure de la base de données - glpi_tickettasks" @ 2022-01-20 16:37:18 [2@DESKTOP-L8921B7]
0 seconde for "Changement de la structure de la base de données - glpi_problemtasks" @ 2022-01-20 16:37:18 [2@DESKTOP-L8921B7]
0 seconde for "Changement de la structure de la base de données - glpi_changetasks" @ 2022-01-20 16:37:21 [2@DESKTOP-L8921B7]
0 seconde for "Changement de la structure de la base de données - glpi_ticketsatisfactions" @ 2022-01-20 16:37:21 [2@DESKTOP-L8921B7]
0 seconde for "Changement de la structure de la base de données - glpi_tickets" @ 2022-01-20 16:37:21 [2@DESKTOP-L8921B7]
0 seconde for "Changement de la structure de la base de données - glpi_tickettasks" @ 2022-01-20 16:37:21 [2@DESKTOP-L8921B7]
0 seconde for "Changement de la structure de la base de données - glpi_problemtasks" @ 2022-01-20 16:37:21 [2@DESKTOP-L8921B7]
0 seconde for "Changement de la structure de la base de données - glpi_changetasks" @ 2022-01-20 16:41:46 [2@DESKTOP-L8921B7]
0 seconde for "Changement de la structure de la base de données - glpi_ticketsatisfactions" @ 2022-01-20 16:41:46 [2@DESKTOP-L8921B7]
0 seconde for "Changement de la structure de la base de données - glpi_tickets" @ 2022-01-20 16:41:46 [2@DESKTOP-L8921B7]
0 seconde for "Changement de la structure de la base de données - glpi_tickettasks" @ 2022-01-20 16:41:46 [2@DESKTOP-L8921B7]
0 seconde for "Changement de la structure de la base de données - glpi_problemtasks" @ 2022-01-20 16:41:46 [2@DESKTOP-L8921B7]
0 seconde for "Changement de la structure de la base de données - glpi_changetasks" @ 2022-01-20 16:41:49 [2@DESKTOP-L8921B7]
0 seconde for "Changement de la structure de la base de données - glpi_ticketsatisfactions" @ 2022-01-20 16:41:49 [2@DESKTOP-L8921B7]
0 seconde for "Changement de la structure de la base de données - glpi_tickets" @ 2022-01-20 16:41:49 [2@DESKTOP-L8921B7]
0 seconde for "Changement de la structure de la base de données - glpi_tickettasks" @ 2022-01-20 16:41:49 [2@DESKTOP-L8921B7]
0 seconde for "Changement de la structure de la base de données - glpi_problemtasks" @ 2022-01-20 16:41:49 [2@DESKTOP-L8921B7]
0 seconde for "Changement de la structure de la base de données - glpi_changetasks" @ 2022-01-20 16:44:59 [2@DESKTOP-L8921B7]
0 seconde for "Changement de la structure de la base de données - glpi_ticketsatisfactions" @ 2022-01-20 16:44:59 [2@DESKTOP-L8921B7]
0 seconde for "Changement de la structure de la base de données - glpi_tickets" @ 2022-01-20 16:44:59 [2@DESKTOP-L8921B7]
0 seconde for "Changement de la structure de la base de données - glpi_tickettasks" @ 2022-01-20 16:44:59 [2@DESKTOP-L8921B7]
0 seconde for "Changement de la structure de la base de données - glpi_problemtasks" @ 2022-01-20 16:44:59 [2@DESKTOP-L8921B7]
0 seconde for "Changement de la structure de la base de données - glpi_changetasks" @ 2022-01-20 16:45:02 [2@DESKTOP-L8921B7]
0 seconde for "Changement de la structure de la base de données - glpi_ticketsatisfactions" @ 2022-01-20 16:45:02 [2@DESKTOP-L8921B7]
0 seconde for "Changement de la structure de la base de données - glpi_tickets" @ 2022-01-20 16:45:02 [2@DESKTOP-L8921B7]
0 seconde for "Changement de la structure de la base de données - glpi_tickettasks" @ 2022-01-20 16:45:02 [2@DESKTOP-L8921B7]
0 seconde for "Changement de la structure de la base de données - glpi_problemtasks" @ 2022-01-20 16:45:02 [2@DESKTOP-L8921B7]
0 seconde for "Changement de la structure de la base de données - glpi_changetasks" @ 2022-01-20 17:13:30 [2@DESKTOP-L8921B7]
0 seconde for "Changement de la structure de la base de données - glpi_ticketsatisfactions" @ 2022-01-20 17:13:30 [2@DESKTOP-L8921B7]
0 seconde for "Changement de la structure de la base de données - glpi_tickets" @ 2022-01-20 17:13:30 [2@DESKTOP-L8921B7]
0 seconde for "Changement de la structure de la base de données - glpi_tickettasks" @ 2022-01-20 17:13:30 [2@DESKTOP-L8921B7]
0 seconde for "Changement de la structure de la base de données - glpi_problemtasks" @ 2022-01-20 17:13:30 [2@DESKTOP-L8921B7]
0 seconde for "Changement de la structure de la base de données - glpi_changetasks" @ 2022-01-20 17:13:33 [2@DESKTOP-L8921B7]
0 seconde for "Changement de la structure de la base de données - glpi_ticketsatisfactions" @ 2022-01-20 17:13:33 [2@DESKTOP-L8921B7]
0 seconde for "Changement de la structure de la base de données - glpi_tickets" @ 2022-01-20 17:13:33 [2@DESKTOP-L8921B7]
0 seconde for "Changement de la structure de la base de données - glpi_tickettasks" @ 2022-01-20 17:13:33 [2@DESKTOP-L8921B7]
0 seconde for "Changement de la structure de la base de données - glpi_problemtasks" @ 2022-01-20 17:13:33 [2@DESKTOP-L8921B7]
0 seconde for "Changement de la structure de la base de données - glpi_changetasks" @ 2022-01-20 17:27:40 [2@DESKTOP-L8921B7]
0 seconde for "Changement de la structure de la base de données - glpi_ticketsatisfactions" @ 2022-01-20 17:27:40 [2@DESKTOP-L8921B7]
0 seconde for "Changement de la structure de la base de données - glpi_tickets" @ 2022-01-20 17:27:40 [2@DESKTOP-L8921B7]
0 seconde for "Changement de la structure de la base de données - glpi_tickettasks" @ 2022-01-20 17:27:40 [2@DESKTOP-L8921B7]
0 seconde for "Changement de la structure de la base de données - glpi_problemtasks" @ 2022-01-20 17:27:40 [2@DESKTOP-L8921B7]
0 seconde for "Changement de la structure de la base de données - glpi_changetasks" @ 2022-01-20 17:27:43 [2@DESKTOP-L8921B7]
0 seconde for "Changement de la structure de la base de données - glpi_ticketsatisfactions" @ 2022-01-20 17:27:43 [2@DESKTOP-L8921B7]
0 seconde for "Changement de la structure de la base de données - glpi_tickets" @ 2022-01-20 17:27:43 [2@DESKTOP-L8921B7]
0 seconde for "Changement de la structure de la base de données - glpi_tickettasks" @ 2022-01-20 17:27:43 [2@DESKTOP-L8921B7]
0 seconde for "Changement de la structure de la base de données - glpi_problemtasks" @ 2022-01-20 17:27:43 [2@DESKTOP-L8921B7]
0 seconde for "Changement de la structure de la base de données - glpi_changetasks" @ 2022-01-24 12:09:36 [2@DESKTOP-L8921B7]
0 seconde for "Changement de la structure de la base de données - glpi_tickettasks" @ 2022-01-24 12:09:36 [2@DESKTOP-L8921B7]
0 seconde for "Changement de la structure de la base de données - glpi_ticketvalidations" @ 2022-01-24 12:09:58 [2@DESKTOP-L8921B7]
0 seconde for "Changement de la structure de la base de données - glpi_tickettasks" @ 2022-01-24 12:09:58 [2@DESKTOP-L8921B7]
0 seconde for "Changement de la structure de la base de données - glpi_ticketvalidations" @ 2022-01-24 12:10:06 [2@DESKTOP-L8921B7]
0 seconde for "Changement de la structure de la base de données - glpi_ticketsatisfactions" @ 2022-01-24 12:10:06 [2@DESKTOP-L8921B7]
0 seconde for "Changement de la structure de la base de données - glpi_tickets" @ 2022-01-24 12:10:06 [2@DESKTOP-L8921B7]
0 seconde for "Changement de la structure de la base de données - glpi_tickettasks" @ 2022-01-24 12:10:06 [2@DESKTOP-L8921B7]
0 seconde for "Changement de la structure de la base de données - glpi_problemtasks" @ 2022-01-24 12:10:06 [2@DESKTOP-L8921B7]
0 seconde for "Changement de la structure de la base de données - glpi_changetasks" @ 2022-01-24 12:10:10 [2@DESKTOP-L8921B7]
0 seconde for "Changement de la structure de la base de données - glpi_ticketsatisfactions" @ 2022-01-24 12:10:10 [2@DESKTOP-L8921B7]
0 seconde for "Changement de la structure de la base de données - glpi_tickets" @ 2022-01-24 12:10:10 [2@DESKTOP-L8921B7]
0 seconde for "Changement de la structure de la base de données - glpi_tickettasks" @ 2022-01-24 12:10:10 [2@DESKTOP-L8921B7]
0 seconde for "Changement de la structure de la base de données - glpi_problemtasks" @ 2022-01-24 12:10:10 [2@DESKTOP-L8921B7]
0 seconde for "Changement de la structure de la base de données - glpi_changetasks" @ 2022-01-27 16:10:27 [2@DESKTOP-L8921B7]
0 seconde for "Changement de la structure de la base de données - glpi_ticketsatisfactions" @ 2022-01-27 16:10:27 [2@DESKTOP-L8921B7]
0 seconde for "Changement de la structure de la base de données - glpi_tickets" @ 2022-01-27 16:10:27 [2@DESKTOP-L8921B7]
0 seconde for "Changement de la structure de la base de données - glpi_tickettasks" @ 2022-01-27 16:10:27 [2@DESKTOP-L8921B7]
0 seconde for "Changement de la structure de la base de données - glpi_problemtasks" @ 2022-01-27 16:10:27 [2@DESKTOP-L8921B7]
0 seconde for "Changement de la structure de la base de données - glpi_changetasks" @ 2022-01-27 16:10:30 [2@DESKTOP-L8921B7]
0 seconde for "Changement de la structure de la base de données - glpi_ticketsatisfactions" @ 2022-01-27 16:10:30 [2@DESKTOP-L8921B7]
0 seconde for "Changement de la structure de la base de données - glpi_tickets" @ 2022-01-27 16:10:30 [2@DESKTOP-L8921B7]
0 seconde for "Changement de la structure de la base de données - glpi_tickettasks" @ 2022-01-27 16:10:30 [2@DESKTOP-L8921B7]
0 seconde for "Changement de la structure de la base de données - glpi_problemtasks" @ 2022-01-27 16:10:30 [2@DESKTOP-L8921B7]
0 seconde for "Changement de la structure de la base de données - glpi_changetasks" @ 2022-01-28 13:34:18 [2@DESKTOP-L8921B7]
0 seconde for "Changement de la structure de la base de données - glpi_ticketsatisfactions" @ 2022-01-28 13:34:18 [2@DESKTOP-L8921B7]
0 seconde for "Changement de la structure de la base de données - glpi_tickets" @ 2022-01-28 13:34:18 [2@DESKTOP-L8921B7]
0 seconde for "Changement de la structure de la base de données - glpi_tickettasks" @ 2022-01-28 13:34:18 [2@DESKTOP-L8921B7]
0 seconde for "Changement de la structure de la base de données - glpi_problemtasks" @ 2022-01-28 13:34:18 [2@DESKTOP-L8921B7]
0 seconde for "Changement de la structure de la base de données - glpi_changetasks" @ 2022-01-28 13:34:24 [2@DESKTOP-L8921B7]
0 seconde for "Changement de la structure de la base de données - glpi_ticketsatisfactions" @ 2022-01-28 13:34:24 [2@DESKTOP-L8921B7]
0 seconde for "Changement de la structure de la base de données - glpi_tickets" @ 2022-01-28 13:34:24 [2@DESKTOP-L8921B7]
0 seconde for "Changement de la structure de la base de données - glpi_tickettasks" @ 2022-01-28 13:34:24 [2@DESKTOP-L8921B7]
0 seconde for "Changement de la structure de la base de données - glpi_problemtasks" @ 2022-01-28 13:34:24 [2@DESKTOP-L8921B7]
0 seconde for "Changement de la structure de la base de données - glpi_changetasks" @ 2022-01-28 17:51:51 [2@DESKTOP-L8921B7]
0 seconde for "Changement de la structure de la base de données - glpi_ticketsatisfactions" @ 2022-01-28 17:51:51 [2@DESKTOP-L8921B7]
0 seconde for "Changement de la structure de la base de données - glpi_tickets" @ 2022-01-28 17:51:51 [2@DESKTOP-L8921B7]
0 seconde for "Changement de la structure de la base de données - glpi_tickettasks" @ 2022-01-28 17:51:51 [2@DESKTOP-L8921B7]
0 seconde for "Changement de la structure de la base de données - glpi_problemtasks" @ 2022-01-28 17:51:51 [2@DESKTOP-L8921B7]
0 seconde for "Changement de la structure de la base de données - glpi_changetasks" @ 2022-01-28 17:51:53 [2@DESKTOP-L8921B7]
0 seconde for "Changement de la structure de la base de données - glpi_ticketsatisfactions" @ 2022-01-28 17:51:53 [2@DESKTOP-L8921B7]
0 seconde for "Changement de la structure de la base de données - glpi_tickets" @ 2022-01-28 17:51:53 [2@DESKTOP-L8921B7]
0 seconde for "Changement de la structure de la base de données - glpi_tickettasks" @ 2022-01-28 17:51:53 [2@DESKTOP-L8921B7]
0 seconde for "Changement de la structure de la base de données - glpi_problemtasks" @ 2022-01-28 17:51:53 [2@DESKTOP-L8921B7]
0 seconde for "Changement de la structure de la base de données - glpi_changetasks" @ 2022-01-31 10:47:52 [2@DESKTOP-L8921B7]
0 seconde for "Changement de la structure de la base de données - glpi_ticketsatisfactions" @ 2022-01-31 10:47:52 [2@DESKTOP-L8921B7]
0 seconde for "Changement de la structure de la base de données - glpi_tickets" @ 2022-01-31 10:47:52 [2@DESKTOP-L8921B7]
0 seconde for "Changement de la structure de la base de données - glpi_tickettasks" @ 2022-01-31 10:47:52 [2@DESKTOP-L8921B7]
0 seconde for "Changement de la structure de la base de données - glpi_problemtasks" @ 2022-01-31 10:47:52 [2@DESKTOP-L8921B7]
0 seconde for "Changement de la structure de la base de données - glpi_changetasks" @ 2022-01-31 10:47:54 [2@DESKTOP-L8921B7]
0 seconde for "Changement de la structure de la base de données - glpi_ticketsatisfactions" @ 2022-01-31 10:47:54 [2@DESKTOP-L8921B7]
0 seconde for "Changement de la structure de la base de données - glpi_tickets" @ 2022-01-31 10:47:54 [2@DESKTOP-L8921B7]
0 seconde for "Changement de la structure de la base de données - glpi_tickettasks" @ 2022-01-31 10:47:54 [2@DESKTOP-L8921B7]
0 seconde for "Changement de la structure de la base de données - glpi_problemtasks" @ 2022-01-31 10:47:54 [2@DESKTOP-L8921B7]
0 seconde for "Changement de la structure de la base de données - glpi_changetasks" @ 2022-01-31 10:48:01 [2@DESKTOP-L8921B7]
0 seconde for "Changement de la structure de la base de données - glpi_tickettasks" @ 2022-01-31 10:48:01 [2@DESKTOP-L8921B7]
0 seconde for "Changement de la structure de la base de données - glpi_ticketvalidations" @ 2022-01-31 10:48:03 [2@DESKTOP-L8921B7]
0 seconde for "Changement de la structure de la base de données - glpi_tickettasks" @ 2022-01-31 10:48:03 [2@DESKTOP-L8921B7]
0 seconde for "Changement de la structure de la base de données - glpi_ticketvalidations" @ 2022-01-31 10:52:46 [2@DESKTOP-L8921B7]
0 seconde for "Changement de la structure de la base de données - glpi_tickettasks" @ 2022-01-31 10:52:46 [2@DESKTOP-L8921B7]
0 seconde for "Changement de la structure de la base de données - glpi_ticketvalidations" @ 2022-01-31 10:52:52 [2@DESKTOP-L8921B7]
0 seconde for "Changement de la structure de la base de données - glpi_ticketsatisfactions" @ 2022-01-31 10:52:52 [2@DESKTOP-L8921B7]
0 seconde for "Changement de la structure de la base de données - glpi_tickets" @ 2022-01-31 10:52:52 [2@DESKTOP-L8921B7]
0 seconde for "Changement de la structure de la base de données - glpi_tickettasks" @ 2022-01-31 10:52:52 [2@DESKTOP-L8921B7]
0 seconde for "Changement de la structure de la base de données - glpi_problemtasks" @ 2022-01-31 10:52:52 [2@DESKTOP-L8921B7]
0 seconde for "Changement de la structure de la base de données - glpi_changetasks" @ 2022-01-31 10:52:55 [2@DESKTOP-L8921B7]
0 seconde for "Changement de la structure de la base de données - glpi_ticketsatisfactions" @ 2022-01-31 10:52:55 [2@DESKTOP-L8921B7]
0 seconde for "Changement de la structure de la base de données - glpi_tickets" @ 2022-01-31 10:52:55 [2@DESKTOP-L8921B7]
0 seconde for "Changement de la structure de la base de données - glpi_tickettasks" @ 2022-01-31 10:52:55 [2@DESKTOP-L8921B7]
0 seconde for "Changement de la structure de la base de données - glpi_problemtasks" @ 2022-01-31 10:52:55 [2@DESKTOP-L8921B7]
0 seconde for "Changement de la structure de la base de données - glpi_changetasks" @ 2022-01-31 11:13:59 [2@DESKTOP-L8921B7]
0 seconde for "Changement de la structure de la base de données - glpi_ticketsatisfactions" @ 2022-01-31 11:13:59 [2@DESKTOP-L8921B7]
0 seconde for "Changement de la structure de la base de données - glpi_tickets" @ 2022-01-31 11:13:59 [2@DESKTOP-L8921B7]
0 seconde for "Changement de la structure de la base de données - glpi_tickettasks" @ 2022-01-31 11:13:59 [2@DESKTOP-L8921B7]
0 seconde for "Changement de la structure de la base de données - glpi_problemtasks" @ 2022-01-31 11:13:59 [2@DESKTOP-L8921B7]
0 seconde for "Changement de la structure de la base de données - glpi_changetasks" @ 2022-01-31 11:14:02 [2@DESKTOP-L8921B7]
0 seconde for "Changement de la structure de la base de données - glpi_ticketsatisfactions" @ 2022-01-31 11:14:02 [2@DESKTOP-L8921B7]
0 seconde for "Changement de la structure de la base de données - glpi_tickets" @ 2022-01-31 11:14:02 [2@DESKTOP-L8921B7]
0 seconde for "Changement de la structure de la base de données - glpi_tickettasks" @ 2022-01-31 11:14:02 [2@DESKTOP-L8921B7]
0 seconde for "Changement de la structure de la base de données - glpi_problemtasks" @ 2022-01-31 11:14:02 [2@DESKTOP-L8921B7]
0 seconde for "Changement de la structure de la base de données - glpi_changetasks" @ 2022-01-31 11:48:40 [2@DESKTOP-L8921B7]
0 seconde for "Changement de la structure de la base de données - glpi_ticketsatisfactions" @ 2022-01-31 11:48:40 [2@DESKTOP-L8921B7]
0 seconde for "Changement de la structure de la base de données - glpi_tickets" @ 2022-01-31 11:48:40 [2@DESKTOP-L8921B7]
0 seconde for "Changement de la structure de la base de données - glpi_tickettasks" @ 2022-01-31 11:48:40 [2@DESKTOP-L8921B7]
0 seconde for "Changement de la structure de la base de données - glpi_problemtasks" @ 2022-01-31 11:48:40 [2@DESKTOP-L8921B7]
0 seconde for "Changement de la structure de la base de données - glpi_changetasks" @ 2022-01-31 11:48:42 [2@DESKTOP-L8921B7]
0 seconde for "Changement de la structure de la base de données - glpi_ticketsatisfactions" @ 2022-01-31 11:48:42 [2@DESKTOP-L8921B7]
0 seconde for "Changement de la structure de la base de données - glpi_tickets" @ 2022-01-31 11:48:42 [2@DESKTOP-L8921B7]
0 seconde for "Changement de la structure de la base de données - glpi_tickettasks" @ 2022-01-31 11:48:42 [2@DESKTOP-L8921B7]
0 seconde for "Changement de la structure de la base de données - glpi_problemtasks" @ 2022-01-31 11:48:42 [2@DESKTOP-L8921B7]
0 seconde for "Changement de la structure de la base de données - glpi_changetasks" @ 2022-01-31 11:56:34 [2@DESKTOP-L8921B7]
0 seconde for "Changement de la structure de la base de données - glpi_ticketsatisfactions" @ 2022-01-31 11:56:34 [2@DESKTOP-L8921B7]
0 seconde for "Changement de la structure de la base de données - glpi_tickets" @ 2022-01-31 11:56:34 [2@DESKTOP-L8921B7]
0 seconde for "Changement de la structure de la base de données - glpi_tickettasks" @ 2022-01-31 11:56:34 [2@DESKTOP-L8921B7]
0 seconde for "Changement de la structure de la base de données - glpi_problemtasks" @ 2022-01-31 11:56:34 [2@DESKTOP-L8921B7]
0 seconde for "Changement de la structure de la base de données - glpi_changetasks" @ 2022-01-31 11:56:36 [2@DESKTOP-L8921B7]
0 seconde for "Changement de la structure de la base de données - glpi_ticketsatisfactions" @ 2022-01-31 11:56:36 [2@DESKTOP-L8921B7]
0 seconde for "Changement de la structure de la base de données - glpi_tickets" @ 2022-01-31 11:56:36 [2@DESKTOP-L8921B7]
0 seconde for "Changement de la structure de la base de données - glpi_tickettasks" @ 2022-01-31 11:56:36 [2@DESKTOP-L8921B7]
0 seconde for "Changement de la structure de la base de données - glpi_problemtasks" @ 2022-01-31 11:56:36 [2@DESKTOP-L8921B7]
0 seconde for "Changement de la structure de la base de données - glpi_changetasks" @ 